<?xml version="1.0" encoding="UTF-8"?>
<testng-results skipped="0" failed="0" ignored="0" total="4" passed="4">
  <reporter-output>
  </reporter-output>
  <suite name="Default suite" duration-ms="48" started-at="2018-09-14T05:37:13Z" finished-at="2018-09-14T05:37:13Z">
    <groups>
    </groups>
    <test name="Default test" duration-ms="48" started-at="2018-09-14T05:37:13Z" finished-at="2018-09-14T05:37:13Z">
      <class name="demo.dataPro">
        <test-method status="PASS" signature="f(java.lang.String, int)[pri:0, instance:demo.dataPro@5dfcfece]" name="f" duration-ms="12" started-at="2018-09-14T05:37:13Z" data-provider="prototype" finished-at="2018-09-14T05:37:13Z">
          <params>
            <param index="0">
              <value>
                <![CDATA[vamsi]]>
              </value>
            </param>
            <param index="1">
              <value>
                <![CDATA[0]]>
              </value>
            </param>
          </params>
          <reporter-output>
          </reporter-output>
        </test-method> <!-- f -->
        <test-method status="PASS" signature="f(java.lang.String, int)[pri:0, instance:demo.dataPro@5dfcfece]" name="f" duration-ms="0" started-at="2018-09-14T05:37:13Z" data-provider="prototype" finished-at="2018-09-14T05:37:13Z">
          <params>
            <param index="0">
              <value>
                <![CDATA[sai]]>
              </value>
            </param>
            <param index="1">
              <value>
                <![CDATA[1]]>
              </value>
            </param>
          </params>
          <reporter-output>
          </reporter-output>
        </test-method> <!-- f -->
        <test-method status="PASS" signature="f1(java.lang.String, int)[pri:0, instance:demo.dataPro@5dfcfece]" name="f1" duration-ms="0" started-at="2018-09-14T05:37:13Z" data-provider="prototype" finished-at="2018-09-14T05:37:13Z">
          <params>
            <param index="0">
              <value>
                <![CDATA[Hema]]>
              </value>
            </param>
            <param index="1">
              <value>
                <![CDATA[1]]>
              </value>
            </param>
          </params>
          <reporter-output>
          </reporter-output>
        </test-method> <!-- f1 -->
        <test-method status="PASS" signature="f1(java.lang.String, int)[pri:0, instance:demo.dataPro@5dfcfece]" name="f1" duration-ms="0" started-at="2018-09-14T05:37:13Z" data-provider="prototype" finished-at="2018-09-14T05:37:13Z">
          <params>
            <param index="0">
              <value>
                <![CDATA[raghu]]>
              </value>
            </param>
            <param index="1">
              <value>
                <![CDATA[0]]>
              </value>
            </param>
          </params>
          <reporter-output>
          </reporter-output>
        </test-method> <!-- f1 -->
      </class> <!-- demo.dataPro -->
    </test> <!-- Default test -->
  </suite> <!-- Default suite -->
</testng-results>
